[    0.000000] Linux version 4.15.0-212-generic (buildd@lcy02-amd64-083) (gcc version 7.5.0 (Ubuntu 7.5.0-3ubuntu1~18.04)) #223-Ubuntu SMP Tue May 23 13:09:22 UTC 2023 (Ubuntu 4.15.0-212.223-generic 4.15.18)
[    0.000000] Command line: BOOT_IMAGE=/boot/vmlinuz-4.15.0-212-generic root=LABEL=cloudimg-rootfs ro console=tty1 console=ttyS0
[    0.000000] KERNEL supported cpus:
[    0.000000]   Intel GenuineIntel
[    0.000000]   AMD AuthenticAMD
[    0.000000]   Centaur CentaurHauls
[    0.000000] x86/fpu: Supporting XSAVE feature 0x001: 'x87 floating point registers'
[    0.000000] x86/fpu: Supporting XSAVE feature 0x002: 'SSE registers'
[    0.000000] x86/fpu: Supporting XSAVE feature 0x004: 'AVX registers'
[    0.000000] x86/fpu: xstate_offset[2]:  576, xstate_sizes[2]:  256
[    0.000000] x86/fpu: Enabled xstate features 0x7, context size is 832 bytes, using 'standard' format.
[    0.000000] e820: BIOS-provided physical RAM map:
[    0.000000] BIOS-e820: [mem 0x0000000000000000-0x000000000009fbff] usable
[    0.000000] BIOS-e820: [mem 0x000000000009fc00-0x000000000009ffff] reserved
[    0.000000] BIOS-e820: [mem 0x00000000000f0000-0x00000000000fffff] reserved
[    0.000000] BIOS-e820: [mem 0x0000000000100000-0x000000001ffeffff] usable
[    0.000000] BIOS-e820: [mem 0x000000001fff0000-0x000000001fffffff] ACPI data
[    0.000000] BIOS-e820: [mem 0x00000000fec00000-0x00000000fec00fff] reserved
[    0.000000] BIOS-e820: [mem 0x00000000fee00000-0x00000000fee00fff] reserved
[    0.000000] BIOS-e820: [mem 0x00000000fffc0000-0x00000000ffffffff] reserved
[    0.000000] NX (Execute Disable) protection: active
[    0.000000] SMBIOS 2.5 present.
[    0.000000] DMI: innotek GmbH VirtualBox/VirtualBox, BIOS VirtualBox 12/01/2006
[    0.000000] Hypervisor detected: KVM
[    0.000000] e820: last_pfn = 0x1fff0 max_arch_pfn = 0x400000000
[    0.000000] x86/PAT: Configuration [0-7]: WB  WC  UC- UC  WB  WP  UC- WT  
[    0.000000] found SMP MP-table at [mem 0x0009fbf0-0x0009fbff]
[    0.000000] Scanning 1 areas for low memory corruption
[    0.000000] RAMDISK: [mem 0x1db01000-0x1ee12fff]
[    0.000000] ACPI: Early table checksum verification disabled
[    0.000000] ACPI: RSDP 0x00000000000E0000 000024 (v02 VBOX  )
[    0.000000] ACPI: XSDT 0x000000001FFF0030 00003C (v01 VBOX   VBOXXSDT 00000001 ASL  00000061)
[    0.000000] ACPI: FACP 0x000000001FFF00F0 0000F4 (v04 VBOX   VBOXFACP 00000001 ASL  00000061)
[    0.000000] ACPI: DSDT 0x000000001FFF02E0 002353 (v02 VBOX   VBOXBIOS 00000002 VBOX 000299F4)
[    0.000000] ACPI: FACS 0x000000001FFF0200 000040
[    0.000000] ACPI: FACS 0x000000001FFF0200 000040
[    0.000000] ACPI: APIC 0x000000001FFF0240 000054 (v02 VBOX   VBOXAPIC 00000001 ASL  00000061)
[    0.000000] ACPI: SSDT 0x000000001FFF02A0 000038 (v01 VBOX   VBOXCPUT 00000002 VBOX 000299F4)
[    0.000000] ACPI: Reserving FACP table memory at [mem 0x1fff00f0-0x1fff01e3]
[    0.000000] ACPI: Reserving DSDT table memory at [mem 0x1fff02e0-0x1fff2632]
[    0.000000] ACPI: Reserving FACS table memory at [mem 0x1fff0200-0x1fff023f]
[    0.000000] ACPI: Reserving FACS table memory at [mem 0x1fff0200-0x1fff023f]
[    0.000000] ACPI: Reserving APIC table memory at [mem 0x1fff0240-0x1fff0293]
[    0.000000] ACPI: Reserving SSDT table memory at [mem 0x1fff02a0-0x1fff02d7]
[    0.000000] No NUMA configuration found
[    0.000000] Faking a node at [mem 0x0000000000000000-0x000000001ffeffff]
[    0.000000] NODE_DATA(0) allocated [mem 0x1ffc5000-0x1ffeffff]
[    0.000000] kvm-clock: cpu 0, msr 0:1ff44001, primary cpu clock
[    0.000000] kvm-clock: Using msrs 4b564d01 and 4b564d00
[    0.000000] kvm-clock: using sched offset of 4330907004 cycles
[    0.000000] clocksource: kvm-clock: mask: 0xffffffffffffffff max_cycles: 0x1cd42e4dffb, max_idle_ns: 881590591483 ns
[    0.000000] Zone ranges:
[    0.000000]   DMA      [mem 0x0000000000001000-0x0000000000ffffff]
[    0.000000]   DMA32    [mem 0x0000000001000000-0x000000001ffeffff]
[    0.000000]   Normal   empty
[    0.000000]   Device   empty
[    0.000000] Movable zone start for each node
[    0.000000] Early memory node ranges
[    0.000000]   node   0: [mem 0x0000000000001000-0x000000000009efff]
[    0.000000]   node   0: [mem 0x0000000000100000-0x000000001ffeffff]
[    0.000000] Reserved but unavailable: 104 pages
[    0.000000] Initmem setup node 0 [mem 0x0000000000001000-0x000000001ffeffff]
[    0.000000] ACPI: PM-Timer IO Port: 0x4008
[    0.000000] IOAPIC[0]: apic_id 1, version 32, address 0xfec00000, GSI 0-23
[    0.000000] ACPI: INT_SRC_OVR (bus 0 bus_irq 0 global_irq 2 dfl dfl)
[    0.000000] ACPI: INT_SRC_OVR (bus 0 bus_irq 9 global_irq 9 low level)
[    0.000000] Using ACPI (MADT) for SMP configuration information
[    0.000000] smpboot: Allowing 1 CPUs, 0 hotplug CPUs
[    0.000000] PM: Registered nosave memory: [mem 0x00000000-0x00000fff]
[    0.000000] PM: Registered nosave memory: [mem 0x0009f000-0x0009ffff]
[    0.000000] PM: Registered nosave memory: [mem 0x000a0000-0x000effff]
[    0.000000] PM: Registered nosave memory: [mem 0x000f0000-0x000fffff]
[    0.000000] e820: [mem 0x20000000-0xfebfffff] available for PCI devices
[    0.000000] Booting paravirtualized kernel on KVM
[    0.000000] clocksource: refined-jiffies: mask: 0xffffffff max_cycles: 0xffffffff, max_idle_ns: 7645519600211568 ns
[    0.000000] setup_percpu: NR_CPUS:8192 nr_cpumask_bits:1 nr_cpu_ids:1 nr_node_ids:1
[    0.000000] percpu: Embedded 50 pages/cpu s167936 r8192 d28672 u2097152
[    0.000000] PV qspinlock hash table entries: 256 (order: 0, 4096 bytes)
[    0.000000] Built 1 zonelists, mobility grouping on.  Total pages: 128889
[    0.000000] Policy zone: DMA32
[    0.000000] Kernel command line: BOOT_IMAGE=/boot/vmlinuz-4.15.0-212-generic root=LABEL=cloudimg-rootfs ro console=tty1 console=ttyS0
[    0.000000] Memory: 466748K/523832K available (12300K kernel code, 2477K rwdata, 4324K rodata, 2480K init, 2720K bss, 57084K reserved, 0K cma-reserved)
[    0.000000] SLUB: HWalign=64, Order=0-3, MinObjects=0, CPUs=1, Nodes=1
[    0.000000] Kernel/User page tables isolation: enabled
[    0.000000] ftrace: allocating 39508 entries in 155 pages
[    0.004000] Hierarchical RCU implementation.
[    0.004000] 	RCU restricting CPUs from NR_CPUS=8192 to nr_cpu_ids=1.
[    0.004000] 	Tasks RCU enabled.
[    0.004000] RCU: Adjusting geometry for rcu_fanout_leaf=16, nr_cpu_ids=1
[    0.004000] NR_IRQS: 524544, nr_irqs: 256, preallocated irqs: 16
[    0.004000] random: crng init done
[    0.004000] Console: colour VGA+ 80x25
[    0.004000] console [tty1] enabled
[    0.004000] console [ttyS0] enabled
[    0.004000] ACPI: Core revision 20170831
[    0.004000] ACPI: 2 ACPI AML tables successfully acquired and loaded
[    0.004000] APIC: Switch to symmetric I/O mode setup
[    0.004973] x2apic enabled
[    0.008000] Switched APIC routing to physical x2apic.
[    0.012000] ..TIMER: vector=0x30 apic1=0 pin1=2 apic2=-1 pin2=-1
[    0.012001] tsc: Detected 2111.998 MHz processor
[    0.016023] Calibrating delay loop (skipped) preset value.. 4223.99 BogoMIPS (lpj=8447992)
[    0.020001] pid_max: default: 32768 minimum: 301
[    0.024016] Security Framework initialized
[    0.028001] Yama: becoming mindful.
[    0.032011] AppArmor: AppArmor initialized
[    0.035160] Dentry cache hash table entries: 65536 (order: 7, 524288 bytes)
[    0.036039] Inode-cache hash table entries: 32768 (order: 6, 262144 bytes)
[    0.040005] Mount-cache hash table entries: 1024 (order: 1, 8192 bytes)
[    0.044002] Mountpoint-cache hash table entries: 1024 (order: 1, 8192 bytes)
[    0.048861] Last level iTLB entries: 4KB 0, 2MB 0, 4MB 0
[    0.052001] Last level dTLB entries: 4KB 0, 2MB 0, 4MB 0, 1GB 0
[    0.056010] Spectre V1 : Mitigation: usercopy/swapgs barriers and __user pointer sanitization
[    0.060001] Spectre V2 : Mitigation: Retpolines
[    0.064001] Spectre V2 : Spectre v2 / SpectreRSB mitigation: Filling RSB on context switch
[    0.068001] Spectre V2 : Spectre v2 / SpectreRSB : Filling RSB on VMEXIT
[    0.072001] Speculative Store Bypass: Vulnerable
[    0.076040] MDS: Mitigation: Clear CPU buffers
[    0.088000] Freeing SMP alternatives memory: 36K
[    0.200001] APIC calibration not consistent with PM-Timer: 103ms instead of 100ms
[    0.204000] APIC delta adjusted to PM-Timer: 6310845 (6500371)
[    0.204208] smpboot: CPU0: 12th Gen Intel(R) Core(TM) i7-12700 (family: 0x6, model: 0x97, stepping: 0x2)
[    0.208056] Performance Events: unsupported p6 CPU model 151 no PMU driver, software events only.
[    0.212000] Hierarchical SRCU implementation.
[    0.212157] NMI watchdog: Perf event create on CPU 0 failed with -2
[    0.216001] NMI watchdog: Perf NMI watchdog permanently disabled
[    0.220036] smp: Bringing up secondary CPUs ...
[    0.224014] smp: Brought up 1 node, 1 CPU
[    0.228001] smpboot: Max logical packages: 1
[    0.232001] smpboot: Total of 1 processors activated (4223.99 BogoMIPS)
[    0.236649] devtmpfs: initialized
[    0.239212] x86/mm: Memory block size: 128MB
[    0.240069] evm: security.selinux
[    0.244001] evm: security.SMACK64
[    0.246458] evm: security.SMACK64EXEC
[    0.248001] evm: security.SMACK64TRANSMUTE
[    0.252000] evm: security.SMACK64MMAP
[    0.254674] evm: security.apparmor
[    0.256001] evm: security.ima
[    0.258257] evm: security.capability
[    0.260065] clocksource: jiffies: mask: 0xffffffff max_cycles: 0xffffffff, max_idle_ns: 7645041785100000 ns
[    0.264006] futex hash table entries: 256 (order: 2, 16384 bytes)
[    0.268033] pinctrl core: initialized pinctrl subsystem
[    0.272217] RTC time: 14:00:19, date: 09/11/25
[    0.276061] NET: Registered protocol family 16
[    0.280042] audit: initializing netlink subsys (disabled)
[    0.284076] cpuidle: using governor ladder
[    0.288002] audit: type=2000 audit(1757599224.054:1): state=initialized audit_enabled=0 res=1
[    0.292002] cpuidle: using governor menu
[    0.296031] ACPI: bus type PCI registered
[    0.300001] acpiphp: ACPI Hot Plug PCI Controller Driver version: 0.5
[    0.304242] PCI: Using configuration type 1 for base access
[    0.308656] HugeTLB registered 2.00 MiB page size, pre-allocated 0 pages
[    0.312126] ACPI: Added _OSI(Module Device)
[    0.316005] ACPI: Added _OSI(Processor Device)
[    0.320001] ACPI: Added _OSI(3.0 _SCP Extensions)
[    0.324001] ACPI: Added _OSI(Processor Aggregator Device)
[    0.328004] ACPI: Added _OSI(Linux-Dell-Video)
[    0.331125] ACPI: Added _OSI(Linux-Lenovo-NV-HDMI-Audio)
[    0.332008] ACPI: Added _OSI(Linux-HPI-Hybrid-Graphics)
[    0.336919] ACPI: Executed 1 blocks of module-level executable AML code
[    0.345423] ACPI: Interpreter enabled
[    0.348000] ACPI: (supports S0 S5)
[    0.348014] ACPI: Using IOAPIC for interrupt routing
[    0.352247] PCI: Using host bridge windows from ACPI; if necessary, use "pci=nocrs" and report a bug
[    0.356344] ACPI: Enabled 2 GPEs in block 00 to 07
[    0.372484] ACPI: PCI Root Bridge [PCI0] (domain 0000 [bus 00-ff])
[    0.376000] acpi PNP0A03:00: _OSC: OS supports [ASPM ClockPM Segments MSI]
[    0.376484] acpi PNP0A03:00: _OSC: not requesting OS control; OS requires [ExtendedConfig ASPM ClockPM MSI]
[    0.380007] acpi PNP0A03:00: fail to add MMCONFIG information, can't access extended PCI configuration space under this bridge.
[    0.388340] PCI host bridge to bus 0000:00
[    0.391259] pci_bus 0000:00: root bus resource [io  0x0000-0x0cf7 window]
[    0.392001] pci_bus 0000:00: root bus resource [io  0x0d00-0xffff window]
[    0.396001] pci_bus 0000:00: root bus resource [mem 0x000a0000-0x000bffff window]
[    0.400001] pci_bus 0000:00: root bus resource [mem 0x20000000-0xfdffffff window]
[    0.404001] pci_bus 0000:00: root bus resource [bus 00-ff]
[    0.421135] pci 0000:00:01.1: legacy IDE quirk: reg 0x10: [io  0x01f0-0x01f7]
[    0.424001] pci 0000:00:01.1: legacy IDE quirk: reg 0x14: [io  0x03f6]
[    0.428001] pci 0000:00:01.1: legacy IDE quirk: reg 0x18: [io  0x0170-0x0177]
[    0.432001] pci 0000:00:01.1: legacy IDE quirk: reg 0x1c: [io  0x0376]
[    0.550783] pci 0000:00:07.0: quirk: [io  0x4000-0x403f] claimed by PIIX4 ACPI
[    0.552046] pci 0000:00:07.0: quirk: [io  0x4100-0x410f] claimed by PIIX4 SMB
[    0.634573] ACPI: PCI Interrupt Link [LNKA] (IRQs 5 9 10 *11)
[    0.636434] ACPI: PCI Interrupt Link [LNKB] (IRQs 5 9 *10 11)
[    0.644155] ACPI: PCI Interrupt Link [LNKC] (IRQs 5 *9 10 11)
[    0.648146] ACPI: PCI Interrupt Link [LNKD] (IRQs 5 9 10 *11)
[    0.656000] SCSI subsystem initialized
[    0.657355] pci 0000:00:02.0: vgaarb: setting as boot VGA device
[    0.660000] pci 0000:00:02.0: vgaarb: VGA device added: decodes=io+mem,owns=io+mem,locks=none
[    0.660002] pci 0000:00:02.0: vgaarb: bridge control possible
[    0.664001] vgaarb: loaded
[    0.668307] ACPI: bus type USB registered
[    0.672120] usbcore: registered new interface driver usbfs
[    0.676004] usbcore: registered new interface driver hub
[    0.680004] usbcore: registered new device driver usb
[    0.684146] EDAC MC: Ver: 3.0.0
[    0.692320] PCI: Using ACPI for IRQ routing
[    0.697458] NetLabel: Initializing
[    0.700001] NetLabel:  domain hash size = 128
[    0.703090] NetLabel:  protocols = UNLABELED CIPSOv4 CALIPSO
[    0.704026] NetLabel:  unlabeled traffic allowed by default
[    0.709024] clocksource: Switched to clocksource kvm-clock
[    0.723787] VFS: Disk quotas dquot_6.6.0
[    0.726689] VFS: Dquot-cache hash table entries: 512 (order 0, 4096 bytes)
[    0.731896] AppArmor: AppArmor Filesystem Enabled
[    0.735436] pnp: PnP ACPI init
[    0.739594] pnp: PnP ACPI: found 3 devices
[    0.748501] clocksource: acpi_pm: mask: 0xffffff max_cycles: 0xffffff, max_idle_ns: 2085701024 ns
[    0.754622] NET: Registered protocol family 2
[    0.757932] IP idents hash table entries: 8192 (order: 4, 65536 bytes)
[    0.762795] TCP established hash table entries: 4096 (order: 3, 32768 bytes)
[    0.767684] TCP bind hash table entries: 4096 (order: 4, 65536 bytes)
[    0.772208] TCP: Hash tables configured (established 4096 bind 4096)
[    0.776194] UDP hash table entries: 256 (order: 1, 8192 bytes)
[    0.780727] UDP-Lite hash table entries: 256 (order: 1, 8192 bytes)
[    0.785372] NET: Registered protocol family 1
[    0.788571] pci 0000:00:00.0: Limiting direct PCI/PCI transfers
[    0.792783] pci 0000:00:01.0: Activating ISA DMA hang workarounds
[    0.797303] pci 0000:00:02.0: Video device with shadowed ROM at [mem 0x000c0000-0x000dffff]
[    0.803292] Unpacking initramfs...
[    1.070610] Freeing initrd memory: 19528K
[    1.077045] clocksource: tsc: mask: 0xffffffffffffffff max_cycles: 0x1e71768ef8b, max_idle_ns: 440795218977 ns
[    1.083887] platform rtc_cmos: registered platform RTC device (no PNP device found)
[    1.089139] Scanning for low memory corruption every 60 seconds
[    1.094332] Initialise system trusted keyrings
[    1.097644] Key type blacklist registered
[    1.100642] workingset: timestamp_bits=36 max_order=17 bucket_order=0
[    1.105556] zbud: loaded
[    1.108123] squashfs: version 4.0 (2009/01/31) Phillip Lougher
[    1.112378] fuse init (API version 7.26)
[    1.115656] Key type asymmetric registered
[    1.118678] Asymmetric key parser 'x509' registered
[    1.122177] Block layer SCSI generic (bsg) driver version 0.4 loaded (major 246)
[    1.127442] io scheduler noop registered
[    1.130293] io scheduler deadline registered
[    1.133349] io scheduler cfq registered (default)
[    1.138671] ACPI: AC Adapter [AC] (on-line)
[    1.141768] input: Power Button as /devices/LNXSYSTM:00/LNXPWRBN:00/input/input0
[    1.146823] ACPI: Power Button [PWRF]
[    1.149742] input: Sleep Button as /devices/LNXSYSTM:00/LNXSLPBN:00/input/input1
[    1.155124] ACPI: Sleep Button [SLPF]
[    1.158121] Serial: 8250/16550 driver, 32 ports, IRQ sharing enabled
[    1.192097] 00:02: ttyS0 at I/O 0x3f8 (irq = 4, base_baud = 115200) is a 16550A
[    1.198029] Linux agpgart interface v0.103
[    1.201860] loop: module loaded
[    1.205668] scsi host0: ata_piix
[    1.208158] scsi host1: ata_piix
[    1.210604] ata1: PATA max UDMA/33 cmd 0x1f0 ctl 0x3f6 bmdma 0xd000 irq 14
[    1.215366] ata2: PATA max UDMA/33 cmd 0x170 ctl 0x376 bmdma 0xd008 irq 15
[    1.221758] tun: Universal TUN/TAP device driver, 1.6
[    1.225314] PPP generic driver version 2.4.2
[    1.228362] ehci_hcd: USB 2.0 'Enhanced' Host Controller (EHCI) Driver
[    1.232812] ehci-pci: EHCI PCI platform driver
[    1.236048] ehci-platform: EHCI generic platform driver
[    1.239740] ohci_hcd: USB 1.1 'Open' Host Controller (OHCI) Driver
[    1.243986] ohci-pci: OHCI PCI platform driver
[    1.247199] ohci-platform: OHCI generic platform driver
[    1.250850] uhci_hcd: USB Universal Host Controller Interface driver
[    1.255399] i8042: PNP: PS/2 Controller [PNP0303:PS2K,PNP0f03:PS2M] at 0x60,0x64 irq 1,12
[    1.262551] serio: i8042 KBD port at 0x60,0x64 irq 1
[    1.266075] serio: i8042 AUX port at 0x60,0x64 irq 12
[    1.269671] mousedev: PS/2 mouse device common for all mice
[    1.274197] input: AT Translated Set 2 keyboard as /devices/platform/i8042/serio0/input/input2
[    1.280860] rtc_cmos rtc_cmos: rtc core: registered rtc_cmos as rtc0
[    1.285852] rtc_cmos rtc_cmos: alarms up to one day, 114 bytes nvram
[    1.290211] i2c /dev entries driver
[    1.292942] device-mapper: uevent: version 1.0.3
[    1.296294] device-mapper: ioctl: 4.37.0-ioctl (2017-09-20) initialised: dm-devel@redhat.com
[    1.302128] ledtrig-cpu: registered to indicate activity on CPUs
[    1.306507] NET: Registered protocol family 10
[    1.313014] Segment Routing with IPv6
[    1.315785] NET: Registered protocol family 17
[    1.319002] Key type dns_resolver registered
[    1.322323] mce: Using 0 MCE banks
[    1.324849] RAS: Correctable Errors collector initialized.
[    1.328819] sched_clock: Marking stable (1328690050, 0)->(1889244574, -560554524)
[    1.334135] registered taskstats version 1
[    1.337149] Loading compiled-in X.509 certificates
[    1.342181] Loaded X.509 cert 'Build time autogenerated kernel key: b5b26778eaa3ab3a4a6cee031137706e947d12ad'
[    1.349221] Loaded X.509 cert 'Canonical Ltd. Live Patch Signing: 14df34d1a87cf37625abec039ef2bf521249b969'
[    1.356097] Loaded X.509 cert 'Canonical Ltd. Kernel Module Signing: 88f752e560a1e0737e31163a466ad7b70a850c19'
[    1.363907] blacklist: Loading compiled-in revocation X.509 certificates
[    1.368572] Loaded X.509 cert 'Canonical Ltd. Secure Boot Signing: 61482aa2830d0ab2ad5af10b7250da9033ddcef0'
[    1.375268] Loaded X.509 cert 'Canonical Ltd. Secure Boot Signing (2017): 242ade75ac4a15e50d50c84b0d45ff3eae707a03'
[    1.425417] Loaded X.509 cert 'Canonical Ltd. Secure Boot Signing (ESM 2018): 365188c1d374d6b07c3c8f240f8ef722433d6a8b'
[    1.432892] Loaded X.509 cert 'Canonical Ltd. Secure Boot Signing (2019): c0746fd6c5da3ae827864651ad66ae47fe24b3e8'
[    1.439929] Loaded X.509 cert 'Canonical Ltd. Secure Boot Signing (2021 v1): a8d54bbb3825cfb94fa13c9f8a594a195c107b8d'
[    1.446699] Loaded X.509 cert 'Canonical Ltd. Secure Boot Signing (2021 v2): 4cf046892d6fd3c9a5b03f98d845f90851dc6a8c'
[    1.453833] Loaded X.509 cert 'Canonical Ltd. Secure Boot Signing (2021 v3): 100437bb6de6e469b581e61cd66bce3ef4ed53af'
[    1.461278] Loaded X.509 cert 'Canonical Ltd. Secure Boot Signing (Ubuntu Core 2019): c1d57b8f6b743f23ee41f4f7ee292f06eecadfb9'
[    1.469049] zswap: loaded using pool lzo/zbud
[    1.474969] Key type big_key registered
[    1.477960] Key type trusted registered
[    1.482053] Key type encrypted registered
[    1.485198] AppArmor: AppArmor sha1 policy hashing enabled
[    1.489297] ima: No TPM chip found, activating TPM-bypass! (rc=-19)
[    1.493635] ima: Allocated hash algorithm: sha1
[    1.496929] evm: HMAC attrs: 0x1
[    1.500440]   Magic number: 9:291:30
[    1.503271] rtc_cmos rtc_cmos: setting system clock to 2025-09-11 14:00:20 UTC (1757599220)
[    1.509024] BIOS EDD facility v0.16 2004-Jun-25, 0 devices found
[    1.513162] EDD information not available.
[    1.519806] Freeing unused kernel image memory: 2480K
[    1.528040] Write protecting the kernel read-only data: 20480k
[    1.535506] Freeing unused kernel image memory: 2008K
[    1.542128] Freeing unused kernel image memory: 1820K
[    1.549356] x86/mm: Checked W+X mappings: passed, no W+X pages found.
[    1.553809] x86/mm: Checking user space page tables
[    1.560873] x86/mm: Checked W+X mappings: passed, no W+X pages found.
Loading, please wait...
starting version 237
[    1.642005] e1000: Intel(R) PRO/1000 Network Driver - version 7.3.21-k8-NAPI
[    1.647202] e1000: Copyright (c) 1999-2006 Intel Corporation.
[    1.654339] Fusion MPT base driver 3.04.20
[    1.657568] Copyright (c) 1999-2008 LSI Corporation
[    1.684590] AVX2 version of gcm_enc/dec engaged.
[    1.687915] AES CTR mode by8 optimization enabled
[    1.699810] Fusion MPT SPI Host driver 3.04.20
[    1.883500] input: ImExPS/2 Generic Explorer Mouse as /devices/platform/i8042/serio1/input/input4
[    2.291872] e1000 0000:00:03.0 eth0: (PCI:33MHz:32-bit) 02:3b:7b:b7:3b:2d
[    2.296614] e1000 0000:00:03.0 eth0: Intel(R) PRO/1000 Network Connection
[    2.302286] mptbase: ioc0: Initiating bringup
[    2.412971] ioc0: LSI53C1030 A0: Capabilities={Initiator}
[    2.658939] scsi host2: ioc0: LSI53C1030 A0, FwRev=00000000h, Ports=1, MaxQ=256, IRQ=20
[    2.832784] scsi 2:0:0:0: Direct-Access     VBOX     HARDDISK         1.0  PQ: 0 ANSI: 5
[    2.840952] scsi target2:0:0: Beginning Domain Validation
[    2.847059] scsi target2:0:0: Domain Validation skipping write tests
[    2.851537] scsi target2:0:0: Ending Domain Validation
[    2.855853] scsi target2:0:0: asynchronous
[    2.859558] scsi 2:0:1:0: Direct-Access     VBOX     HARDDISK         1.0  PQ: 0 ANSI: 5
[    2.865264] scsi target2:0:1: Beginning Domain Validation
[    2.871825] scsi target2:0:1: Domain Validation skipping write tests
[    2.876188] scsi target2:0:1: Ending Domain Validation
[    2.879887] scsi target2:0:1: asynchronous
[    2.997523] sd 2:0:0:0: Attached scsi generic sg0 type 0
[    3.002149] sd 2:0:0:0: [sda] 83886080 512-byte logical blocks: (42.9 GB/40.0 GiB)
[    3.007572] sd 2:0:1:0: Attached scsi generic sg1 type 0
[    3.011797] sd 2:0:0:0: [sda] Write Protect is off
[    3.015318] sd 2:0:1:0: [sdb] 20480 512-byte logical blocks: (10.5 MB/10.0 MiB)
[    3.028111] sd 2:0:1:0: [sdb] Write Protect is off
[    3.038266] sd 2:0:0:0: [sda] Write cache: enabled, read cache: enabled, supports DPO and FUA
[    3.044345] sd 2:0:1:0: [sdb] Write cache: enabled, read cache: enabled, supports DPO and FUA
[    3.079246]  sda: sda1
[    3.082758] sd 2:0:0:0: [sda] Attached SCSI disk
[    3.086865] sd 2:0:1:0: [sdb] Attached SCSI disk
[    3.488032] e1000 0000:00:08.0 eth1: (PCI:33MHz:32-bit) 08:00:27:79:6f:89
[    3.493235] e1000 0000:00:08.0 eth1: Intel(R) PRO/1000 Network Connection
[    3.499420] e1000 0000:00:08.0 enp0s8: renamed from eth1
[    3.927850] e1000 0000:00:03.0 enp0s3: renamed from eth0
Begin: Loading essential drivers ... [    6.397477] raid6: sse2x1   gen() 45189 MB/s
[    6.486274] raid6: sse2x1   xor() 20223 MB/s
[    6.584940] raid6: sse2x2   gen() 52994 MB/s
[    6.725566] raid6: sse2x2   xor() 39189 MB/s
[    6.834937] raid6: sse2x4   gen() 52993 MB/s
[    6.944334] raid6: sse2x4   xor() 24836 MB/s
[    7.002291] raid6: avx2x1   gen() 32025 MB/s
[    7.069307] raid6: avx2x1   xor() 21660 MB/s
[    7.158262] raid6: avx2x2   gen() 55007 MB/s
[    7.272444] raid6: avx2x2   xor() 55322 MB/s
[    7.381830] raid6: avx2x4   gen() 78978 MB/s
[    7.491190] raid6: avx2x4   xor() 29074 MB/s
[    7.494714] raid6: using algorithm avx2x4 gen() 78978 MB/s
[    7.498990] raid6: .... xor() 29074 MB/s, rmw enabled
[    7.502966] raid6: using avx2x2 recovery algorithm
[    7.508238] xor: automatically using best checksumming function   avx       
[    7.514927] async_tx: api initialized (async)
done.
Begin: Running /scripts/init-premount ... done.
Begin: Mounting root file system ... Begin: Running /scripts/local-top ... done.
Begin: Running /scripts/local-premount ... [    7.568347] Btrfs loaded, crc32c=crc32c-intel
Scanning for Btrfs filesystems
done.
Warning: fsck not present, so skipping root file system
[    7.613047] EXT4-fs (sda1): mounted filesystem with ordered data mode. Opts: (null)
done.
Begin: Running /scripts/local-bottom ... done.
Begin: Running /scripts/init-bottom ... done.
[    7.807843] ip_tables: (C) 2000-2006 Netfilter Core Team
[    7.824488] systemd[1]: systemd 237 running in system mode. (+PAM +AUDIT +SELINUX +IMA +APPARMOR +SMACK +SYSVINIT +UTMP +LIBCRYPTSETUP +GCRYPT +GNUTLS +ACL +XZ +LZ4 +SECCOMP +BLKID +ELFUTILS +KMOD -IDN2 +IDN -PCRE2 default-hierarchy=hybrid)
[    7.840496] systemd[1]: Detected virtualization oracle.
[    7.845564] systemd[1]: Detected architecture x86-64.

Welcome to [1mUbuntu 18.04.6 LTS[0m!

[    7.855250] systemd[1]: Set hostname to <ubuntu>.
[    7.863560] systemd[1]: Initializing machine ID from random generator.
[    7.869179] systemd[1]: Installed transient /etc/machine-id file.
[    8.128825] systemd[1]: Reached target Mounting snaps.
[[0;32m  OK  [0m] Reached target Mounting snaps.
[    8.135824] systemd[1]: Reached target Mounted snaps.
[[0;32m  OK  [0m] Reached target Mounted snaps.
[    8.143107] systemd[1]: Reached target System Time Synchronized.
[[0;32m  OK  [0m] Reached target System Time Synchronized.
[    8.151354] systemd[1]: Reached target User and Group Name Lookups.
[[0;32m  OK  [0m] Reached target User and Group Name Lookups.
[[0;32m  OK  [0m] Set up automount Arbitrary Executab…rmats File System Automount Point.
[[0;32m  OK  [0m] Started Forward Password Requests to Wall Directory Watch.
[[0;32m  OK  [0m] Reached target Swap.
[[0;32m  OK  [0m] Created slice User and Session Slice.
[[0;32m  OK  [0m] Created slice System Slice.
[[0;32m  OK  [0m] Listening on Journal Socket (/dev/log).
[[0;32m  OK  [0m] Reached target Slices.
[[0;32m  OK  [0m] Listening on Journal Socket.
         Starting Set the console keyboard layout...
[[0;32m  OK  [0m] Listening on Syslog Socket.
[[0;32m  OK  [0m] Listening on Network Service Netlink Socket.
[[0;32m  OK  [0m] Listening on /dev/initctl Compatibility Named Pipe.
[[0;32m  OK  [0m] Listening on LVM2 poll daemon socket.
         Mounting POSIX Message Queue File System...
         Mounting Kernel Debug File System...
[[0;32m  OK  [0m] Listening on fsck to fsckd communication Socket.
         Starting File System Check on Root Device...
[[0;32m  OK  [0m] Created slice system-serial\x2dgetty.slice.
[[0;32m  OK  [0m] Listening on Device-mapper event daemon FIFOs.
         Mounting Huge Pages File System...
[[0;32m  OK  [0m] Listening on Journal Audit Socket.
         Starting Journal Service...
         Starting Uncomplicated firewall...
[[0;32m  OK  [0m] Listening on udev Control Socket.
[[0;32m  OK  [0m] Listening on LVM2 metadata daemon socket.
         Starting Monitoring of LVM2 mirrors…ng dmeventd or progress polling...
         Starting Load Kernel Modules...
[[0;32m  OK  [0m] Listening on udev Kernel Socket.
         Starting udev Coldplug all Devices...
         Starting Create list of required st…ce nodes for the current kernel...
[[0;32m  OK  [0m] Started Journal Service.
[[0;32m  OK  [0m] Mounted POSIX Message Queue File System.
[[0;32m  OK  [0m] Mounted Kernel Debug File System.
[    8.352714] Loading iSCSI transport class v2.0-870.
[[0;32m  OK  [0m] Started File System Check on Root Device.
[[0;32m  OK  [0m] Mounted Huge Pages File System.
[[0;32m  OK  [0m] Started Uncomplicated firewall.
[[0;32m  OK  [0m] Started File System Check Daemon to report status.
         Starting Remount Root and Kernel File Systems...
[[0;32m  OK  [0m] Started Create list of required sta…vice nodes for the current kernel.
[[0;32m  OK  [0m] Started LVM2 metadata daemon.[    8.414877] iscsi: registered transport (tcp)

         Starting Create Static Device Nodes in /dev...
[    8.442307] EXT4-fs (sda1): re-mounted. Opts: (null)
[[0;32m  OK  [0m] Started Remount Root and Kernel File Systems.
[[0;32m  OK  [0m] Started udev Coldplug all Devices.
[    8.487303] iscsi: registered transport (iser)
         Starting Flush Journal to Persistent Storage...
         Starting Load/Save Random Seed...
[[0;32m  OK  [0m] Started Load Kernel Modules.
         Mounting FUSE Control File System...
         Mounting Kernel Configuration File System...
         Starting Apply Kernel Variables...
[[0;32m  OK  [0m] Started Monitoring of LVM2 mirrors,…sing dmeventd or progress polling.
[[0;32m  OK  [0m] Started Create Static Device Nodes in /dev.
[[0;32m  OK  [0m] Started Load/Save Random Seed.
[[0;32m  OK  [0m] Mounted FUSE Control File System.
[[0;32m  OK  [0m] Mounted Kernel Configuration File System.
[    8.560179] systemd-journald[406]: Received request to flush runtime journal from PID 1
         Starting udev Kernel Device Manager...
[[0;32m  OK  [0m] Started Apply Kernel Variables.
[[0;32m  OK  [0m] Started udev Kernel Device Manager.
[[0;32m  OK  [0m] Started Flush Journal to Persistent Storage.
[[0;32m  OK  [0m] Found device /dev/ttyS0.
[[0;32m  OK  [0m] Listening on Load/Save RF Kill Switch Status /dev/rfkill Watch.
[[0;32m  OK  [0m] Started Set the console keyboard layout.
         Mounting Arbitrary Executable File Formats File System...
[[0;32m  OK  [0m] Started Dispatch Password Requests to Console Directory Watch.
[[0;32m  OK  [0m] Reached target Local Encrypted Volumes.
[[0;32m  OK  [0m] Reached target Local File Systems (Pre).
[[0;32m  OK  [0m] Reached target Local File Systems.
         Starting Create Volatile Files and Directories...
         Starting AppArmor initialization...
         Starting ebtables ruleset management...
         Starting Commit a transient machine-id on disk...
         Starting Tell Plymouth To Write Out Runtime Data...
         Starting Set console font and keymap...
[[0;32m  OK  [0m] Mounted Arbitrary Executable File Formats File System.
[[0;32m  OK  [0m] Started Create Volatile Files and Directories.
         Starting Update UTMP about System Boot/Shutdown...
[[0;32m  OK  [0m] Started Tell Plymouth To Write Out Runtime Data.
[[0;32m  OK  [0m] Started Commit a transient machine-id on disk.
[[0;32m  OK  [0m] Started Update UTMP about System Boot/Shutdown.
[[0;32m  OK  [0m] Started ebtables ruleset management.
[[0;32m  OK  [0m] Started AppArmor initialization.
         Starting Load AppArmor profiles managed internally by snapd...
         Starting Initial cloud-init job (pre-networking)...
[[0;32m  OK  [0m] Started Load AppArmor profiles managed internally by snapd.
[[0;32m  OK  [0m] Started Set console font and keymap.
[   13.636945] cloud-init[766]: Cloud-init v. 23.1.2-0ubuntu0~18.04.1 running 'init-local' at Thu, 11 Sep 2025 14:00:32 +0000. Up 13.44 seconds.
[[0;32m  OK  [0m] Started Initial cloud-init job (pre-networking).
[[0;32m  OK  [0m] Reached target Network (Pre).
         Starting Network Service...
[[0;32m  OK  [0m] Started Network Service.
         Starting Wait for Network to be Configured...
         Starting Network Name Resolution...
[[0;32m  OK  [0m] Started Network Name Resolution.
[[0;32m  OK  [0m] Reached target Host and Network Name Lookups.
[[0;32m  OK  [0m] Reached target Network.
[[0;32m  OK  [0m] Started Wait for Network to be Configured.
         Starting Initial cloud-init job (metadata service crawler)...
[   15.232954] cloud-init[921]: Cloud-init v. 23.1.2-0ubuntu0~18.04.1 running 'init' at Thu, 11 Sep 2025 14:00:34 +0000. Up 15.15 seconds.
[   15.241607] cloud-init[921]: ci-info: ++++++++++++++++++++++++++++++++++++++++++++Net device info++++++++++++++++++++++++++++++++++++++++++++
[   15.251902] cloud-init[921]: ci-info: +--------+-------+---------------------------------------+---------------+--------+-------------------+
[   15.262790] cloud-init[921]: ci-info: | Device |   Up  |                Address                |      Mask     | Scope  |     Hw-Address    |
[   15.274606] cloud-init[921]: ci-info: +--------+-------+---------------------------------------+---------------+--------+-------------------+
[   15.285109] cloud-init[921]: ci-info: | enp0s3 |  True |               10.0.2.15               | 255.255.255.0 | global | 02:3b:7b:b7:3b:2d |
[   15.297224] cloud-init[921]: ci-info: | enp0s3 |  True | fd17:625c:f037:2:3b:7bff:feb7:3b2d/64 |       .       | global | 02:3b:7b:b7:3b:2d |
[   15.303563] cloud-init[921]: ci-info: | enp0s3 |  True |       fe80::3b:7bff:feb7:3b2d/64      |       .       |  link  | 02:3b:7b:b7:3b:2d |
[   15.315271] cloud-init[921]: ci-info: | enp0s8 | False |                   .                   |       .       |   .    | 08:00:27:79:6f:89 |
[   15.321929] cloud-init[921]: ci-info: |   lo   |  True |               127.0.0.1               |   255.0.0.0   |  host  |         .         |
[   15.328767] cloud-init[921]: ci-info: |   lo   |  True |                ::1/128                |       .       |  host  |         .         |
[   15.335896] cloud-init[921]: ci-info: +--------+-------+---------------------------------------+---------------+--------+-------------------+
[   15.347323] cloud-init[921]: ci-info: ++++++++++++++++++++++++++++Route IPv4 info+++++++++++++++++++++++++++++
[   15.355132] cloud-init[921]: ci-info: +-------+-------------+----------+-----------------+-----------+-------+
[   15.360893] cloud-init[921]: ci-info: | Route | Destination | Gateway  |     Genmask     | Interface | Flags |
[   15.366346] cloud-init[921]: ci-info: +-------+-------------+----------+-----------------+-----------+-------+
[   15.371872] cloud-init[921]: ci-info: |   0   |   0.0.0.0   | 10.0.2.2 |     0.0.0.0     |   enp0s3  |   UG  |
[   15.377347] cloud-init[921]: ci-info: |   1   |   10.0.2.0  | 0.0.0.0  |  255.255.255.0  |   enp0s3  |   U   |
[   15.383807] cloud-init[921]: ci-info: |   2   |   10.0.2.2  | 0.0.0.0  | 255.255.255.255 |   enp0s3  |   UH  |
[   15.389716] cloud-init[921]: ci-info: +-------+-------------+----------+-----------------+-----------+-------+
[   15.401911] cloud-init[921]: ci-info: ++++++++++++++++++++++++Route IPv6 info++++++++++++++++++++++++
[   15.412316] cloud-init[921]: ci-info: +-------+-----------------------+---------+-----------+-------+
[   15.422698] cloud-init[921]: ci-info: | Route |      Destination      | Gateway | Interface | Flags |
[   15.433637] cloud-init[921]: ci-info: +-------+-----------------------+---------+-----------+-------+
[   15.439892] cloud-init[921]: ci-info: |   1   | fd17:625c:f037:2::/64 |    ::   |   enp0s3  |   U   |
[   15.450212] cloud-init[921]: ci-info: |   2   |       fe80::/64       |    ::   |   enp0s3  |   U   |
[   15.458368] cloud-init[921]: ci-info: |   3   |          ::/0         | fe80::2 |   enp0s3  |   UG  |
[   15.463796] cloud-init[921]: ci-info: |   5   |         local         |    ::   |   enp0s3  |   U   |
[   15.468830] cloud-init[921]: ci-info: |   6   |        ff00::/8       |    ::   |   enp0s3  |   U   |
[   15.473806] cloud-init[921]: ci-info: +-------+-----------------------+---------+-----------+-------+
[   16.220878] cloud-init[921]: Generating public/private rsa key pair.
[   16.249194] cloud-init[921]: Your identification has been saved in /etc/ssh/ssh_host_rsa_key.
[   16.253422] cloud-init[921]: Your public key has been saved in /etc/ssh/ssh_host_rsa_key.pub.
[   16.257907] cloud-init[921]: The key fingerprint is:
[   16.261097] cloud-init[921]: SHA256:+vkDHJpplLQEaB909vAZMwjBwLsX8u7EOzYzJzHf2bc root@ubuntu-bionic
[   16.265750] cloud-init[921]: The key's randomart image is:
[   16.269025] cloud-init[921]: +---[RSA 2048]----+
[   16.271851] cloud-init[921]: | ..==++.+        |
[   16.281399] cloud-init[921]: |  + oo++ =       |
[   16.284479] cloud-init[921]: | . o + o+        |
[   16.287459] [[0;32m  OK  [0m] Started Initial cloud-init job (metadata service crawler).cloud-init[921]: |  o o + .        |
[   16.294358] cloud-init[921]: |   + o =S.       |
[[0;32m  OK  [0m] Reached target Cloud-config availability.
[   16.301600] cloud-init[921]: |  ..= =.o        |
[[0;32m  OK  [0m] Reached target System Initialization.
[[0;32m  OK  [0m] Started Daily Cleanup of Temporary Directories.
[   16.316041] 
[[0;32m  OK  [0m] Listening on cloud-init hotplug hook socket.cloud-init[921]: |   oo=.. +       |
[   16.323391] cloud-init
         Starting Socket activation for snappy daemon.
         [921]: |   .O.o.o.o .    |
[   16.333939] cloud-init[921]: |   ooB  o..oE.   |Starting LXD - unix socket.
[[0;32m  OK  [0m] Started Daily apt download activities.
[[0;32m  OK  [0m] Listening on D-Bus System Message Bus Socket.
[[0;32m  OK  [0m] Listening on UUID daemon activation socket.
[   16.354562] cloud-init[921]: 
[[0;32m  OK  [0m] Listening on ACPID Listen Socket.
+----[SHA256]-----+
[   16.363363] [[0;32m  OK  [0m] Started Discard unused blocks once a week.
[[0;32m  OK  [0mcloud-init[921]: Generating public/private dsa key pair.
[   16.372690] cloud-init[921]: Your identification has been saved in /etc/ssh/ssh_host_dsa_key.] Started Message of the Day.
[[0;32m  OK  [0m] Started Daily apt upgrade and clean activities.
[[0;32m  OK  [0m] 
[   16.384751] cloud-init[921]: Your public key has been saved in /etc/ssh/ssh_host_dsa_key.pub.Started Ubuntu Advantage Timer for running repeated jobs.

[   16.392643] cloud-init[[0;32m  OK  [0m] Started ACPI Events Check.[921]: The key fingerprint is:
[   16.399170] cloud-init
[[0;32m  OK  [0m] Reached target Paths.
[[0;32m  OK  [0m[921]: SHA256:w8+pWFLndzdU3ezX/EKTCgBPhR94xz99Vxo/EH8/GCk root@ubuntu-bionic
] Listening on Open-iSCSI iscsid Socket.
[[0;32m  OK  [0m] Reached target Timers.[   16.413284] cloud-init[921]: The key's randomart image is:
[   16.416800] cloud-init[921]: +---[DSA 1024]----+
[   16.419926] 
[[0;32m  OK  [0m] Reached target Network is Online.
cloud-init[921]: |      . .+.. ..  |
[   16.426817] cloud-init[921]: |       +o o o.+.+|[[0;32m  OK  [0m] Reached target Remote File Systems (Pre).
[   16.433217] cloud-init[921]: |        oo E +.*B|

[[0;32m  OK  [0m] Reached target Remote File Systems.
[   16.440205] cloud-init[921]: |       . .. . *=X|
         Starting Availability of block devices...[   16.445880] cloud-init[921]: |        S o  .++X|
[[0;32m  OK  [0m] Listening on Socket activation for snappy daemon.
[[0;32m  OK  [0m] Listening on LXD - unix socket.
[   16.461926] cloud-init[921]: |       . * o o..+|
[[0;32m  OK  [0m] Started Availability of block devices.
[[0;32m  OK  [0m] Reached target Sockets.
[   16.474037] cloud-init[921]: |      . . = o o.o|
[[0;32m  OK  [0m] Reached target Basic System.
         Starting Login Service...

[   16.487737] [[0;32m  OK  [0m] Started Regular background program processing daemon.cloud-init
         Starting LSB: automatic crash report generation...[921]: |       + . . . o.|

[   16.511213] cloud-init[921]: |      . .        |
[   16.518905] cloud-init[921]: +----[SHA256]-----+         Starting Pollinate to seed the pseudo random number generator...

         Starting System Logging Service...
[   16.537396] [[0;32m  OK  [0m] Started Deferred execution scheduler.
cloud-init[921]: Generating public/private ecdsa key pair.
[   16.552713] cloud-init[921]: Your identification has been saved in /etc/ssh/ssh_host_ecdsa_key.
[   16.566508] cloud-init[921]: Your public key has been saved in /etc/ssh/ssh_host_ecdsa_key.pub.
[   16.574341] cloud-init[921]: The key fingerprint is:
[   16.578980] cloud-init[921]: SHA256:Gyoe7DQbit8to+MVvS0nLmJCN9y+hPlfo0rh0KOXNNY root@ubuntu-bionic
[   16.584227] cloud-init[921]: The key's randomart image is:
[   16.588265] cloud-init[921]: +---[ECDSA 256]---+
[   16.605638] cloud-init[921]: |                 |         Starting Dispatcher daemon for systemd-networkd...
         Starting LSB: Record successful boot for GRUB...
[   16.622973] cloud-init
[921]: |                 |
[   16.644658] [[0;32m  OK  [0m] Started irqbalance daemon.
[[0;32m  OK  [0m] Started FUSE filesystem for LXC.
         cloud-initStarting LXD - container startup/shutdown...
[[0;32m  OK  [0m[921]: ] Reached target Login Prompts (Pre).|                 |

         [   16.682583] Starting Permit User Sessions...
cloud-init[921]:          Starting Accounts Service...
|    ...          |
[   16.704932] cloud-init[921]: |  ..oB.ES        |
[   16.713655] cloud-init[921]: | . =Oo=+ o       |
[   16.722688] cloud-init[921]: |. .+@*= +o       |
[   16.730822] cloud-init[921]: |..+BOX +o .      |
[   16.738922] cloud-init[921]: |.==+=B*o         |
[   16.744308] cloud-init[921]: +----[SHA256]-----+
[   16.748841] cloud-init[921]: Generating public/private ed25519 key pair.
[   16.755364] cloud-init[921]: Your identification has been saved in /etc/ssh/ssh_host_ed25519_key.
[   16.763855] cloud-init[921]: Your public key has been saved in /etc/ssh/ssh_host_ed25519_key.pub.
[   16.770493] cloud-init[921]: The key fingerprint is:
[   16.774933] cloud-init         Starting Virtualbox guest utils...
[[0;32m  OK  [0m] Started D-Bus System Message Bus.[921]: SHA256:p4m3mTn26JPZGV7xecD3bRiuoDF2LKzfLs88izdMsxw root@ubuntu-bionic

[   16.801132] cloud-init[921]: The key's randomart image is:
[   16.813635] cloud-init[921]: +--[ED25519 256]--+
[   16.818553] cloud-init[921]: |                 |
[   16.846453] cloud-init[921]: |                 |
[   16.852467] cloud-init[921]: |             .   |
[   16.856731] cloud-init[921]: |            . + .|
[   16.860949] cloud-init[921]: |       .S..  + *o|
[   16.865365] cloud-init[921]: |       .*+E . = =|
[   16.879662] cloud-init[921]: |      .o+# O . o |
[   16.888456] cloud-init[921]: |      ..O@@ .    |
[   16.893563] cloud-init[921]: |       +XOO+     |
[   16.898332] cloud-init[921]: +----[SHA256]-----+
[[0;32m  OK  [0m] Started Login Service.
[[0;32m  OK  [0m] Started Unattended Upgrades Shutdown.
         Starting Snap Daemon...
[[0;32m  OK  [0m] Started System Logging Service.
[[0;32m  OK  [0m] Started LXD - container startup/shutdown.
[[0;32m  OK  [0m] Started Permit User Sessions.
         Starting Authorization Manager...
         Starting Terminate Plymouth Boot Screen...
         Starting Hold until boot process finishes up...
[[0;32m  OK  [0m] Started Hold until boot process finishes up.
[[0;32m  OK  [0m] Started Serial Getty on ttyS0.
         Starting Set console scheme...
[[0;32m  OK  [0m] Started LSB: automatic crash report generation.
[[0;32m  OK  [0m] Started Terminate Plymouth Boot Screen.
[[0;32m  OK  [0m] Started Authorization Manager.
[[0;32m  OK  [0m] Started Accounts Service.
[[0;32m  OK  [0m] Started Set console scheme.
[[0;32m  OK  [0m] Created slice system-getty.slice.
[[0;32m  OK  [0m] Started Getty on tty1.
[[0;32m  OK  [0m] Reached target Login Prompts.
[[0;32m  OK  [0m] Started LSB: Record successful boot for GRUB.
[[0;32m  OK  [0m] Started Virtualbox guest utils.
[[0;32m  OK  [0m] Started Dispatcher daemon for systemd-networkd.
[[0;32m  OK  [0m] Started Pollinate to seed the pseudo random number generator.
         Starting OpenBSD Secure Shell server...
[[0;32m  OK  [0m] Started OpenBSD Secure Shell server.
[[0;32m  OK  [0m] Started Snap Daemon.
         Starting Wait until snapd is fully seeded...
[[0;32m  OK  [0m] Created slice User Slice of vagrant.
         Starting User Manager for UID 1000...
[[0;32m  OK  [0m] Started Session 1 of user vagrant.
[[0;32m  OK  [0m] Started User Manager for UID 1000.
         Starting Time & Date Service...
[[0;32m  OK  [0m] Started Time & Date Service.
[[0;32m  OK  [0m] Started Wait until snapd is fully seeded.
         Starting Apply the settings specified in cloud-config...
[   21.546840] cloud-init[1580]: Cloud-init v. 23.1.2-0ubuntu0~18.04.1 running 'modules:config' at Thu, 11 Sep 2025 14:00:40 +0000. Up 21.17 seconds.
[[0;32m  OK  [0m] Started Apply the settings specified in cloud-config.
[[0;32m  OK  [0m] Reached target Multi-User System.
[[0;32m  OK  [0m] Reached target Graphical Interface.
         Starting Update UTMP about System Runlevel Changes...
         Starting Execute cloud user/final scripts...
[[0;32m  OK  [0m] Started Update UTMP about System Runlevel Changes.
ci-info: no authorized SSH keys fingerprints found for user ubuntu.
<14>Sep 11 14:00:41 cloud-init: #############################################################
<14>Sep 11 14:00:41 cloud-init: -----BEGIN SSH HOST KEY FINGERPRINTS-----
<14>Sep 11 14:00:41 cloud-init: 1024 SHA256:w8+pWFLndzdU3ezX/EKTCgBPhR94xz99Vxo/EH8/GCk root@ubuntu-bionic (DSA)
<14>Sep 11 14:00:41 cloud-init: 256 SHA256:Gyoe7DQbit8to+MVvS0nLmJCN9y+hPlfo0rh0KOXNNY root@ubuntu-bionic (ECDSA)
<14>Sep 11 14:00:41 cloud-init: 256 SHA256:p4m3mTn26JPZGV7xecD3bRiuoDF2LKzfLs88izdMsxw root@ubuntu-bionic (ED25519)
<14>Sep 11 14:00:41 cloud-init: 2048 SHA256:+vkDHJpplLQEaB909vAZMwjBwLsX8u7EOzYzJzHf2bc root@ubuntu-bionic (RSA)
<14>Sep 11 14:00:41 cloud-init: -----END SSH HOST KEY FINGERPRINTS-----
<14>Sep 11 14:00:41 cloud-init: #############################################################
-----BEGIN SSH HOST KEY KEYS-----
ecdsa-sha2-nistp256 AAAAE2VjZHNhLXNoYTItbmlzdHAyNTYAAAAIbmlzdHAyNTYAAABBBDrs88sRCifHY2YmOxeggYxbluGlZVsJ06SdxTNicHLJdtrKdIcqqgdSt6NgMkp5/UvEuOsevlL4Mu/qvq6VIWA= root@ubuntu-bionic
ssh-ed25519 AAAAC3NzaC1lZDI1NTE5AAAAIBuhQa1uTuJws3kSrxLbd0MMXT1RXmjov5QdB1Sbr/PW root@ubuntu-bionic
ssh-rsa AAAAB3NzaC1yc2EAAAADAQABAAABAQC3s6T5Rzl+IEL9Wqmvz3Px3Po/8HXhg61P8Aw8ju8Fcx4X29s4wZRHBggYi6qaNDMqF3nSWgSGD32Dvs9vvNw52fMdrJhsp+OkoiLB5a3OJ8eRUX7644eHSjfekBIh3rfLPX7sdqD59LO8sQ3rF0ci+IxDQ0sClRy56USo+t4iobo9nYSIz8VaZJA22gk+iRaBDWn2JY8aFvb+lDT9lmCEmZYhWkmLtCxS4S8LB7K/KZ6SCwNUAorrUva6R91Uz/xB9ebArtdVmXzxNZSgVrwKkmIZIN3lBH424lDeSlnnfx1kdrxLP0PGm7O+MAMlm0VXBQX5fYzdhhIFCxq90idB root@ubuntu-bionic
-----END SSH HOST KEY KEYS-----
[   22.204944] cloud-init[1669]: Cloud-init v. 23.1.2-0ubuntu0~18.04.1 running 'modules:final' at Thu, 11 Sep 2025 14:00:40 +0000. Up 21.97 seconds.
[   22.220720] cloud-init[1669]: Cloud-init v. 23.1.2-0ubuntu0~18.04.1 finished at Thu, 11 Sep 2025 14:00:41 +0000. Datasource DataSourceNoCloud [seed=/dev/sdb][dsmode=net].  Up 22.19 seconds
[[0;32m  OK  [0m] Started Execute cloud user/final scripts.
[[0;32m  OK  [0m] Reached target Cloud-init target.

Ubuntu 18.04.6 LTS ubuntu-bionic ttyS0

ubuntu-bionic login: 